<?xml version="1.0" encoding="UTF-8"?>
<testng-results ignored="0" total="1" passed="1" failed="0" skipped="0">
  <reporter-output>
  </reporter-output>
  <suite started-at="2026-01-04T14:20:00 IST" name="Surefire suite" finished-at="2026-01-04T14:20:30 IST" duration-ms="30355">
    <groups>
    </groups>
    <test started-at="2026-01-04T14:20:00 IST" name="Surefire test" finished-at="2026-01-04T14:20:30 IST" duration-ms="30355">
      <class name="com.example.FlipkartSearchTest">
        <test-method is-config="true" signature="setUp()[pri:0, instance:com.example.FlipkartSearchTest@7bc1a03d]" started-at="2026-01-04T14:20:00 IST" name="setUp" finished-at="2026-01-04T14:20:01 IST" duration-ms="1121" status="PASS">
          <reporter-output>
          </reporter-output>
        </test-method> <!-- setUp -->
        <test-method signature="testSearchProduct()[pri:0, instance:com.example.FlipkartSearchTest@7bc1a03d]" started-at="2026-01-04T14:20:01 IST" name="testSearchProduct" finished-at="2026-01-04T14:20:30 IST" duration-ms="28969" status="PASS">
          <reporter-output>
          </reporter-output>
        </test-method> <!-- testSearchProduct -->
        <test-method is-config="true" signature="tearDown()[pri:0, instance:com.example.FlipkartSearchTest@7bc1a03d]" started-at="2026-01-04T14:20:30 IST" name="tearDown" finished-at="2026-01-04T14:20:30 IST" duration-ms="244" status="PASS">
          <reporter-output>
          </reporter-output>
        </test-method> <!-- tearDown -->
      </class> <!-- com.example.FlipkartSearchTest -->
    </test> <!-- Surefire test -->
  </suite> <!-- Surefire suite -->
</testng-results>
