<?xml version="1.0" encoding="UTF-8"?>
<testng-results ignored="0" total="2" passed="2" failed="0" skipped="0">
  <reporter-output>
  </reporter-output>
  <suite started-at="2025-09-28T22:03:04 IST" name="Surefire suite" finished-at="2025-09-28T22:03:09 IST" duration-ms="5336">
    <groups>
    </groups>
    <test started-at="2025-09-28T22:03:04 IST" name="Surefire test" finished-at="2025-09-28T22:03:09 IST" duration-ms="5336">
      <class name="com.example.GoogleTest">
        <test-method signature="openGoogle()[pri:0, instance:com.example.GoogleTest@62bd765]" started-at="2025-09-28T22:03:04 IST" name="openGoogle" finished-at="2025-09-28T22:03:09 IST" duration-ms="5305" status="PASS">
          <reporter-output>
          </reporter-output>
        </test-method> <!-- openGoogle -->
      </class> <!-- com.example.GoogleTest -->
      <class name="com.example.AppTest">
        <test-method signature="sampleTest()[pri:0, instance:com.example.AppTest@1e9e725a]" started-at="2025-09-28T22:03:04 IST" name="sampleTest" finished-at="2025-09-28T22:03:04 IST" duration-ms="5" status="PASS">
          <reporter-output>
          </reporter-output>
        </test-method> <!-- sampleTest -->
      </class> <!-- com.example.AppTest -->
    </test> <!-- Surefire test -->
  </suite> <!-- Surefire suite -->
</testng-results>
